mode: atomic
github.com/raspibuddy/rpi/pkg/api/actions/destroy/platform/sys/destroy.go:17.74,24.30 2 3
github.com/raspibuddy/rpi/pkg/api/actions/destroy/platform/sys/destroy.go:29.2,29.25 1 2
github.com/raspibuddy/rpi/pkg/api/actions/destroy/platform/sys/destroy.go:37.2,45.8 1 1
github.com/raspibuddy/rpi/pkg/api/actions/destroy/platform/sys/destroy.go:24.30,26.3 1 1
github.com/raspibuddy/rpi/pkg/api/actions/destroy/platform/sys/destroy.go:29.25,30.15 1 2
github.com/raspibuddy/rpi/pkg/api/actions/destroy/platform/sys/destroy.go:33.3,33.8 1 1
github.com/raspibuddy/rpi/pkg/api/actions/destroy/platform/sys/destroy.go:30.15,32.4 1 1
github.com/raspibuddy/rpi/pkg/api/actions/destroy/platform/sys/destroy.go:49.74,52.2 2 0
github.com/raspibuddy/rpi/pkg/api/actions/destroy/platform/sys/destroy.go:55.74,57.2 1 0
github.com/raspibuddy/rpi/pkg/api/metrics/cpu/platform/sys/cpu.go:15.101,16.59 1 4
github.com/raspibuddy/rpi/pkg/api/metrics/cpu/platform/sys/cpu.go:20.2,21.22 2 1
github.com/raspibuddy/rpi/pkg/api/metrics/cpu/platform/sys/cpu.go:36.2,36.20 1 1
github.com/raspibuddy/rpi/pkg/api/metrics/cpu/platform/sys/cpu.go:16.59,18.3 1 3
github.com/raspibuddy/rpi/pkg/api/metrics/cpu/platform/sys/cpu.go:21.22,35.3 2 1
github.com/raspibuddy/rpi/pkg/api/metrics/cpu/platform/sys/cpu.go:40.116,41.71 1 7
github.com/raspibuddy/rpi/pkg/api/metrics/cpu/platform/sys/cpu.go:45.2,45.36 1 4
github.com/raspibuddy/rpi/pkg/api/metrics/cpu/platform/sys/cpu.go:49.2,51.28 3 1
github.com/raspibuddy/rpi/pkg/api/metrics/cpu/platform/sys/cpu.go:59.2,74.20 4 1
github.com/raspibuddy/rpi/pkg/api/metrics/cpu/platform/sys/cpu.go:41.71,43.3 1 3
github.com/raspibuddy/rpi/pkg/api/metrics/cpu/platform/sys/cpu.go:45.36,47.3 1 3
github.com/raspibuddy/rpi/pkg/api/metrics/cpu/platform/sys/cpu.go:51.28,53.18 2 1
github.com/raspibuddy/rpi/pkg/api/metrics/cpu/platform/sys/cpu.go:53.18,55.9 2 1
github.com/raspibuddy/rpi/pkg/api/actions/destroy/destroy.go:8.64,16.2 2 1
github.com/raspibuddy/rpi/pkg/api/actions/destroy/destroy.go:19.85,27.2 2 0
github.com/raspibuddy/rpi/pkg/api/actions/destroy/destroy.go:30.60,38.2 2 0
github.com/raspibuddy/rpi/pkg/api/actions/destroy/service.go:35.45,37.2 1 1
github.com/raspibuddy/rpi/pkg/api/metrics/cpu/cpu.go:11.41,16.47 4 5
github.com/raspibuddy/rpi/pkg/api/metrics/cpu/cpu.go:20.2,20.42 1 1
github.com/raspibuddy/rpi/pkg/api/metrics/cpu/cpu.go:16.47,18.3 1 4
github.com/raspibuddy/rpi/pkg/api/metrics/cpu/cpu.go:24.45,29.47 4 5
github.com/raspibuddy/rpi/pkg/api/metrics/cpu/cpu.go:33.2,33.46 1 1
github.com/raspibuddy/rpi/pkg/api/metrics/cpu/cpu.go:29.47,31.3 1 4
github.com/raspibuddy/rpi/pkg/api/metrics/cpu/service.go:36.37,38.2 1 10
github.com/raspibuddy/rpi/pkg/api/metrics/disk/platform/sys/disk.go:18.77,22.35 3 4
github.com/raspibuddy/rpi/pkg/api/metrics/disk/platform/sys/disk.go:59.2,59.44 1 3
github.com/raspibuddy/rpi/pkg/api/metrics/disk/platform/sys/disk.go:63.2,63.20 1 3
github.com/raspibuddy/rpi/pkg/api/metrics/disk/platform/sys/disk.go:22.35,23.28 1 6
github.com/raspibuddy/rpi/pkg/api/metrics/disk/platform/sys/disk.go:42.3,43.19 2 6
github.com/raspibuddy/rpi/pkg/api/metrics/disk/platform/sys/disk.go:47.3,56.14 2 5
github.com/raspibuddy/rpi/pkg/api/metrics/disk/platform/sys/disk.go:23.28,40.4 1 7
github.com/raspibuddy/rpi/pkg/api/metrics/disk/platform/sys/disk.go:43.19,45.4 1 1
github.com/raspibuddy/rpi/pkg/api/metrics/disk/platform/sys/disk.go:59.44,61.3 1 2
github.com/raspibuddy/rpi/pkg/api/metrics/disk/platform/sys/disk.go:67.90,72.35 4 5
github.com/raspibuddy/rpi/pkg/api/metrics/disk/platform/sys/disk.go:109.2,109.18 1 4
github.com/raspibuddy/rpi/pkg/api/metrics/disk/platform/sys/disk.go:113.2,113.20 1 3
github.com/raspibuddy/rpi/pkg/api/metrics/disk/platform/sys/disk.go:72.35,74.19 2 6
github.com/raspibuddy/rpi/pkg/api/metrics/disk/platform/sys/disk.go:78.3,78.22 1 5
github.com/raspibuddy/rpi/pkg/api/metrics/disk/platform/sys/disk.go:74.19,76.4 1 1
github.com/raspibuddy/rpi/pkg/api/metrics/disk/platform/sys/disk.go:78.22,79.29 1 3
github.com/raspibuddy/rpi/pkg/api/metrics/disk/platform/sys/disk.go:98.4,105.9 3 3
github.com/raspibuddy/rpi/pkg/api/metrics/disk/platform/sys/disk.go:79.29,96.5 1 4
github.com/raspibuddy/rpi/pkg/api/metrics/disk/platform/sys/disk.go:109.18,111.3 1 1
github.com/raspibuddy/rpi/pkg/api/metrics/disk/platform/sys/disk.go:117.43,121.2 3 16
github.com/raspibuddy/rpi/pkg/api/metrics/disk/platform/sys/disk.go:124.41,127.20 2 12
github.com/raspibuddy/rpi/pkg/api/metrics/disk/platform/sys/disk.go:139.2,140.23 2 12
github.com/raspibuddy/rpi/pkg/api/metrics/disk/platform/sys/disk.go:145.2,145.15 1 12
github.com/raspibuddy/rpi/pkg/api/metrics/disk/platform/sys/disk.go:127.20,128.23 1 20
github.com/raspibuddy/rpi/pkg/api/metrics/disk/platform/sys/disk.go:128.23,129.36 1 7
github.com/raspibuddy/rpi/pkg/api/metrics/disk/platform/sys/disk.go:129.36,131.5 1 5
github.com/raspibuddy/rpi/pkg/api/metrics/disk/platform/sys/disk.go:131.10,133.5 1 2
github.com/raspibuddy/rpi/pkg/api/metrics/disk/platform/sys/disk.go:134.9,136.4 1 13
github.com/raspibuddy/rpi/pkg/api/metrics/disk/platform/sys/disk.go:140.23,142.3 1 8
github.com/raspibuddy/rpi/pkg/api/metrics/disk/platform/sys/disk.go:142.8,144.3 1 4
github.com/raspibuddy/rpi/pkg/api/metrics/host/host.go:11.41,24.207 12 7
github.com/raspibuddy/rpi/pkg/api/metrics/host/host.go:28.2,28.98 1 1
github.com/raspibuddy/rpi/pkg/api/metrics/host/host.go:24.207,26.3 1 6
github.com/raspibuddy/rpi/pkg/api/metrics/host/service.go:57.39,59.2 1 7
github.com/raspibuddy/rpi/pkg/api/metrics/disk/disk.go:11.43,14.16 2 4
github.com/raspibuddy/rpi/pkg/api/metrics/disk/disk.go:18.2,18.28 1 3
github.com/raspibuddy/rpi/pkg/api/metrics/disk/disk.go:14.16,16.3 1 1
github.com/raspibuddy/rpi/pkg/api/metrics/disk/disk.go:22.51,25.16 2 4
github.com/raspibuddy/rpi/pkg/api/metrics/disk/disk.go:29.2,29.33 1 3
github.com/raspibuddy/rpi/pkg/api/metrics/disk/disk.go:25.16,27.3 1 1
github.com/raspibuddy/rpi/pkg/api/metrics/disk/service.go:32.38,34.2 1 8
github.com/raspibuddy/rpi/pkg/api/metrics/host/platform/sys/host.go:36.49,40.18 4 10
github.com/raspibuddy/rpi/pkg/api/metrics/host/platform/sys/host.go:44.2,46.19 3 10
github.com/raspibuddy/rpi/pkg/api/metrics/host/platform/sys/host.go:55.2,62.35 6 10
github.com/raspibuddy/rpi/pkg/api/metrics/host/platform/sys/host.go:99.2,99.43 1 9
github.com/raspibuddy/rpi/pkg/api/metrics/host/platform/sys/host.go:103.2,104.25 2 9
github.com/raspibuddy/rpi/pkg/api/metrics/host/platform/sys/host.go:114.2,115.23 2 9
github.com/raspibuddy/rpi/pkg/api/metrics/host/platform/sys/host.go:124.2,153.20 2 9
github.com/raspibuddy/rpi/pkg/api/metrics/host/platform/sys/host.go:40.18,42.3 1 2
github.com/raspibuddy/rpi/pkg/api/metrics/host/platform/sys/host.go:46.19,47.25 1 8
github.com/raspibuddy/rpi/pkg/api/metrics/host/platform/sys/host.go:50.3,50.41 1 8
github.com/raspibuddy/rpi/pkg/api/metrics/host/platform/sys/host.go:47.25,49.4 1 24
github.com/raspibuddy/rpi/pkg/api/metrics/host/platform/sys/host.go:51.8,53.3 1 2
github.com/raspibuddy/rpi/pkg/api/metrics/host/platform/sys/host.go:62.35,63.28 1 3
github.com/raspibuddy/rpi/pkg/api/metrics/host/platform/sys/host.go:82.3,83.19 2 3
github.com/raspibuddy/rpi/pkg/api/metrics/host/platform/sys/host.go:87.3,96.14 2 2
github.com/raspibuddy/rpi/pkg/api/metrics/host/platform/sys/host.go:63.28,80.4 1 4
github.com/raspibuddy/rpi/pkg/api/metrics/host/platform/sys/host.go:83.19,85.4 1 1
github.com/raspibuddy/rpi/pkg/api/metrics/host/platform/sys/host.go:99.43,101.3 1 1
github.com/raspibuddy/rpi/pkg/api/metrics/host/platform/sys/host.go:104.25,112.3 2 2
github.com/raspibuddy/rpi/pkg/api/metrics/host/platform/sys/host.go:115.23,122.3 2 14
github.com/raspibuddy/rpi/pkg/api/metrics/host/platform/sys/host.go:156.36,162.16 5 12
github.com/raspibuddy/rpi/pkg/api/metrics/host/platform/sys/host.go:165.2,165.21 1 10
github.com/raspibuddy/rpi/pkg/api/metrics/host/platform/sys/host.go:162.16,164.3 1 2
github.com/raspibuddy/rpi/pkg/api/metrics/filestructure/platform/sys/filestructure.go:16.87,19.29 2 1
github.com/raspibuddy/rpi/pkg/api/metrics/filestructure/platform/sys/filestructure.go:30.2,30.20 1 1
github.com/raspibuddy/rpi/pkg/api/metrics/filestructure/platform/sys/filestructure.go:19.29,28.3 2 3
github.com/raspibuddy/rpi/pkg/api/metrics/filestructure/platform/sys/filestructure.go:34.71,37.26 2 8
github.com/raspibuddy/rpi/pkg/api/metrics/filestructure/platform/sys/filestructure.go:52.2,52.12 1 1
github.com/raspibuddy/rpi/pkg/api/metrics/filestructure/platform/sys/filestructure.go:37.26,38.44 1 106
github.com/raspibuddy/rpi/pkg/api/metrics/filestructure/platform/sys/filestructure.go:38.44,39.44 1 7
github.com/raspibuddy/rpi/pkg/api/metrics/filestructure/platform/sys/filestructure.go:47.4,49.14 3 4
github.com/raspibuddy/rpi/pkg/api/metrics/filestructure/platform/sys/filestructure.go:39.44,40.36 1 23
github.com/raspibuddy/rpi/pkg/api/metrics/filestructure/platform/sys/filestructure.go:40.36,44.6 3 3
github.com/raspibuddy/rpi/pkg/api/metrics/filestructure/filestructure.go:11.69,14.50 2 2
github.com/raspibuddy/rpi/pkg/api/metrics/filestructure/filestructure.go:18.2,18.35 1 1
github.com/raspibuddy/rpi/pkg/api/metrics/filestructure/filestructure.go:14.50,16.3 1 1
github.com/raspibuddy/rpi/pkg/api/metrics/filestructure/service.go:30.48,32.2 1 2
github.com/raspibuddy/rpi/pkg/api/actions/destroy/transport/http.go:17.50,23.2 5 11
github.com/raspibuddy/rpi/pkg/api/actions/destroy/transport/http.go:25.51,27.16 2 3
github.com/raspibuddy/rpi/pkg/api/actions/destroy/transport/http.go:31.2,32.16 2 2
github.com/raspibuddy/rpi/pkg/api/actions/destroy/transport/http.go:35.2,35.40 1 1
github.com/raspibuddy/rpi/pkg/api/actions/destroy/transport/http.go:27.16,29.3 1 1
github.com/raspibuddy/rpi/pkg/api/actions/destroy/transport/http.go:32.16,34.3 1 1
github.com/raspibuddy/rpi/pkg/api/actions/destroy/transport/http.go:38.55,42.38 3 4
github.com/raspibuddy/rpi/pkg/api/actions/destroy/transport/http.go:46.2,47.16 2 2
github.com/raspibuddy/rpi/pkg/api/actions/destroy/transport/http.go:50.2,50.40 1 1
github.com/raspibuddy/rpi/pkg/api/actions/destroy/transport/http.go:42.38,44.3 1 2
github.com/raspibuddy/rpi/pkg/api/actions/destroy/transport/http.go:47.16,49.3 1 1
github.com/raspibuddy/rpi/pkg/api/actions/destroy/transport/http.go:53.52,55.16 2 3
github.com/raspibuddy/rpi/pkg/api/actions/destroy/transport/http.go:59.2,60.16 2 2
github.com/raspibuddy/rpi/pkg/api/actions/destroy/transport/http.go:63.2,63.40 1 1
github.com/raspibuddy/rpi/pkg/api/actions/destroy/transport/http.go:55.16,57.3 1 1
github.com/raspibuddy/rpi/pkg/api/actions/destroy/transport/http.go:60.16,62.3 1 1
github.com/raspibuddy/rpi/pkg/api/metrics/load/load.go:11.41,15.32 3 4
github.com/raspibuddy/rpi/pkg/api/metrics/load/load.go:19.2,19.33 1 1
github.com/raspibuddy/rpi/pkg/api/metrics/load/load.go:15.32,17.3 1 3
github.com/raspibuddy/rpi/pkg/api/metrics/load/service.go:31.38,33.2 1 4
github.com/raspibuddy/rpi/pkg/api/metrics/disk/transport/http.go:16.47,21.2 4 5
github.com/raspibuddy/rpi/pkg/api/metrics/disk/transport/http.go:23.45,25.16 2 3
github.com/raspibuddy/rpi/pkg/api/metrics/disk/transport/http.go:28.2,28.40 1 1
github.com/raspibuddy/rpi/pkg/api/metrics/disk/transport/http.go:25.16,27.3 1 1
github.com/raspibuddy/rpi/pkg/api/metrics/disk/transport/http.go:31.45,33.16 2 2
github.com/raspibuddy/rpi/pkg/api/metrics/disk/transport/http.go:37.2,37.40 1 1
github.com/raspibuddy/rpi/pkg/api/metrics/disk/transport/http.go:33.16,35.3 1 1
github.com/raspibuddy/rpi/pkg/api/metrics/cpu/transport/http.go:17.46,22.2 4 6
github.com/raspibuddy/rpi/pkg/api/metrics/cpu/transport/http.go:24.45,26.16 2 3
github.com/raspibuddy/rpi/pkg/api/metrics/cpu/transport/http.go:29.2,29.40 1 1
github.com/raspibuddy/rpi/pkg/api/metrics/cpu/transport/http.go:26.16,28.3 1 1
github.com/raspibuddy/rpi/pkg/api/metrics/cpu/transport/http.go:32.45,34.16 2 3
github.com/raspibuddy/rpi/pkg/api/metrics/cpu/transport/http.go:38.2,39.16 2 2
github.com/raspibuddy/rpi/pkg/api/metrics/cpu/transport/http.go:43.2,43.40 1 1
github.com/raspibuddy/rpi/pkg/api/metrics/cpu/transport/http.go:34.16,36.3 1 1
github.com/raspibuddy/rpi/pkg/api/metrics/cpu/transport/http.go:39.16,41.3 1 1
github.com/raspibuddy/rpi/pkg/api/metrics/filestructure/transport/http.go:16.54,20.2 3 2
github.com/raspibuddy/rpi/pkg/api/metrics/filestructure/transport/http.go:22.45,24.25 2 1
github.com/raspibuddy/rpi/pkg/api/metrics/filestructure/transport/http.go:28.2,29.16 2 0
github.com/raspibuddy/rpi/pkg/api/metrics/filestructure/transport/http.go:33.2,33.40 1 0
github.com/raspibuddy/rpi/pkg/api/metrics/filestructure/transport/http.go:24.25,26.3 1 1
github.com/raspibuddy/rpi/pkg/api/metrics/filestructure/transport/http.go:29.16,31.3 1 0
github.com/raspibuddy/rpi/pkg/api/metrics/load/platform/sys/load.go:12.78,23.2 2 3
github.com/raspibuddy/rpi/pkg/api/metrics/mem/mem.go:11.39,15.32 3 4
github.com/raspibuddy/rpi/pkg/api/metrics/mem/mem.go:19.2,19.32 1 1
github.com/raspibuddy/rpi/pkg/api/metrics/mem/mem.go:15.32,17.3 1 3
github.com/raspibuddy/rpi/pkg/api/metrics/mem/service.go:31.38,33.2 1 4
github.com/raspibuddy/rpi/pkg/api/metrics/mem/platform/sys/mem.go:12.89,25.2 2 4
github.com/raspibuddy/rpi/pkg/api/metrics/host/transport/http.go:20.47,25.2 4 6
github.com/raspibuddy/rpi/pkg/api/metrics/host/transport/http.go:27.45,29.16 2 6
github.com/raspibuddy/rpi/pkg/api/metrics/host/transport/http.go:32.2,32.40 1 2
github.com/raspibuddy/rpi/pkg/api/metrics/host/transport/http.go:29.16,31.3 1 2
github.com/raspibuddy/rpi/pkg/api/metrics/host/transport/http.go:37.47,40.16 2 3
github.com/raspibuddy/rpi/pkg/api/metrics/host/transport/http.go:44.2,46.6 2 3
github.com/raspibuddy/rpi/pkg/api/metrics/host/transport/http.go:64.2,64.12 1 1
github.com/raspibuddy/rpi/pkg/api/metrics/host/transport/http.go:40.16,42.3 1 0
github.com/raspibuddy/rpi/pkg/api/metrics/host/transport/http.go:46.6,49.18 2 3
github.com/raspibuddy/rpi/pkg/api/metrics/host/transport/http.go:54.3,56.17 2 0
github.com/raspibuddy/rpi/pkg/api/metrics/host/transport/http.go:61.3,62.63 2 0
github.com/raspibuddy/rpi/pkg/api/metrics/host/transport/http.go:49.18,51.9 2 1
github.com/raspibuddy/rpi/pkg/api/metrics/host/transport/http.go:56.17,58.9 2 0
github.com/raspibuddy/rpi/pkg/api/metrics/net/platform/sys/net.go:18.67,21.25 2 3
github.com/raspibuddy/rpi/pkg/api/metrics/net/platform/sys/net.go:31.2,31.20 1 3
github.com/raspibuddy/rpi/pkg/api/metrics/net/platform/sys/net.go:21.25,29.3 2 2
github.com/raspibuddy/rpi/pkg/api/metrics/net/platform/sys/net.go:35.104,39.43 3 5
github.com/raspibuddy/rpi/pkg/api/metrics/net/platform/sys/net.go:84.2,84.16 1 5
github.com/raspibuddy/rpi/pkg/api/metrics/net/platform/sys/net.go:88.2,88.20 1 3
github.com/raspibuddy/rpi/pkg/api/metrics/net/platform/sys/net.go:39.43,40.26 1 2
github.com/raspibuddy/rpi/pkg/api/metrics/net/platform/sys/net.go:40.26,41.30 1 2
github.com/raspibuddy/rpi/pkg/api/metrics/net/platform/sys/net.go:41.30,42.29 1 2
github.com/raspibuddy/rpi/pkg/api/metrics/net/platform/sys/net.go:42.29,43.45 1 2
github.com/raspibuddy/rpi/pkg/api/metrics/net/platform/sys/net.go:43.45,55.12 3 1
github.com/raspibuddy/rpi/pkg/api/metrics/net/platform/sys/net.go:56.12,64.12 3 1
github.com/raspibuddy/rpi/pkg/api/metrics/net/platform/sys/net.go:69.8,69.51 1 3
github.com/raspibuddy/rpi/pkg/api/metrics/net/platform/sys/net.go:69.51,70.26 1 1
github.com/raspibuddy/rpi/pkg/api/metrics/net/platform/sys/net.go:70.26,71.30 1 1
github.com/raspibuddy/rpi/pkg/api/metrics/net/platform/sys/net.go:71.30,79.10 3 1
github.com/raspibuddy/rpi/pkg/api/metrics/net/platform/sys/net.go:84.16,86.3 1 2
github.com/raspibuddy/rpi/pkg/api/metrics/net/platform/sys/net.go:92.52,97.21 4 14
github.com/raspibuddy/rpi/pkg/api/metrics/net/platform/sys/net.go:101.2,102.23 2 12
github.com/raspibuddy/rpi/pkg/api/metrics/net/platform/sys/net.go:106.2,106.45 1 12
github.com/raspibuddy/rpi/pkg/api/metrics/net/platform/sys/net.go:110.2,113.24 3 11
github.com/raspibuddy/rpi/pkg/api/metrics/net/platform/sys/net.go:120.2,120.11 1 11
github.com/raspibuddy/rpi/pkg/api/metrics/net/platform/sys/net.go:97.21,99.3 1 2
github.com/raspibuddy/rpi/pkg/api/metrics/net/platform/sys/net.go:102.23,104.3 1 19
github.com/raspibuddy/rpi/pkg/api/metrics/net/platform/sys/net.go:106.45,108.3 1 1
github.com/raspibuddy/rpi/pkg/api/metrics/net/platform/sys/net.go:113.24,114.46 1 12
github.com/raspibuddy/rpi/pkg/api/metrics/net/platform/sys/net.go:114.46,116.9 2 9
github.com/raspibuddy/rpi/pkg/api/metrics/net/net.go:11.41,14.17 2 3
github.com/raspibuddy/rpi/pkg/api/metrics/net/net.go:18.2,18.29 1 1
github.com/raspibuddy/rpi/pkg/api/metrics/net/net.go:14.17,16.3 1 2
github.com/raspibuddy/rpi/pkg/api/metrics/net/net.go:22.45,26.32 3 4
github.com/raspibuddy/rpi/pkg/api/metrics/net/net.go:30.2,30.43 1 3
github.com/raspibuddy/rpi/pkg/api/metrics/net/net.go:26.32,28.3 1 1
github.com/raspibuddy/rpi/pkg/api/metrics/net/service.go:33.38,35.2 1 7
github.com/raspibuddy/rpi/pkg/api/metrics/load/transport/http.go:16.47,20.2 3 3
github.com/raspibuddy/rpi/pkg/api/metrics/load/transport/http.go:22.45,24.16 2 3
github.com/raspibuddy/rpi/pkg/api/metrics/load/transport/http.go:27.2,27.40 1 1
github.com/raspibuddy/rpi/pkg/api/metrics/load/transport/http.go:24.16,26.3 1 1
github.com/raspibuddy/rpi/pkg/api/metrics/mem/transport/http.go:16.46,20.2 3 3
github.com/raspibuddy/rpi/pkg/api/metrics/mem/transport/http.go:22.45,24.16 2 3
github.com/raspibuddy/rpi/pkg/api/metrics/mem/transport/http.go:27.2,27.40 1 1
github.com/raspibuddy/rpi/pkg/api/metrics/mem/transport/http.go:24.16,26.3 1 1
github.com/raspibuddy/rpi/pkg/api/metrics/process/process.go:12.49,15.16 2 2
github.com/raspibuddy/rpi/pkg/api/metrics/process/process.go:19.2,19.27 1 1
github.com/raspibuddy/rpi/pkg/api/metrics/process/process.go:15.16,17.3 1 1
github.com/raspibuddy/rpi/pkg/api/metrics/process/process.go:23.55,26.16 2 3
github.com/raspibuddy/rpi/pkg/api/metrics/process/process.go:33.2,33.31 1 1
github.com/raspibuddy/rpi/pkg/api/metrics/process/process.go:26.16,27.41 1 2
github.com/raspibuddy/rpi/pkg/api/metrics/process/process.go:30.3,30.112 1 1
github.com/raspibuddy/rpi/pkg/api/metrics/process/process.go:27.41,29.4 1 1
github.com/raspibuddy/rpi/pkg/api/metrics/process/service.go:32.41,34.2 1 5
github.com/raspibuddy/rpi/pkg/api/metrics/process/platform/sys/process.go:12.69,15.23 2 2
github.com/raspibuddy/rpi/pkg/api/metrics/process/platform/sys/process.go:26.2,26.20 1 2
github.com/raspibuddy/rpi/pkg/api/metrics/process/platform/sys/process.go:15.23,25.3 1 2
github.com/raspibuddy/rpi/pkg/api/metrics/process/platform/sys/process.go:30.77,33.23 2 1
github.com/raspibuddy/rpi/pkg/api/metrics/process/platform/sys/process.go:52.2,52.20 1 1
github.com/raspibuddy/rpi/pkg/api/metrics/process/platform/sys/process.go:33.23,34.24 1 1
github.com/raspibuddy/rpi/pkg/api/metrics/process/platform/sys/process.go:34.24,49.9 2 1
github.com/raspibuddy/rpi/pkg/api/metrics/net/transport/http.go:17.46,22.2 4 6
github.com/raspibuddy/rpi/pkg/api/metrics/net/transport/http.go:24.45,26.16 2 3
github.com/raspibuddy/rpi/pkg/api/metrics/net/transport/http.go:29.2,29.40 1 1
github.com/raspibuddy/rpi/pkg/api/metrics/net/transport/http.go:26.16,28.3 1 1
github.com/raspibuddy/rpi/pkg/api/metrics/net/transport/http.go:32.45,34.16 2 3
github.com/raspibuddy/rpi/pkg/api/metrics/net/transport/http.go:38.2,39.16 2 2
github.com/raspibuddy/rpi/pkg/api/metrics/net/transport/http.go:43.2,43.40 1 1
github.com/raspibuddy/rpi/pkg/api/metrics/net/transport/http.go:34.16,36.3 1 1
github.com/raspibuddy/rpi/pkg/api/metrics/net/transport/http.go:39.16,41.3 1 1
github.com/raspibuddy/rpi/pkg/api/metrics/user/service.go:32.39,34.2 1 4
github.com/raspibuddy/rpi/pkg/api/metrics/user/user.go:11.43,14.16 2 2
github.com/raspibuddy/rpi/pkg/api/metrics/user/user.go:18.2,18.27 1 1
github.com/raspibuddy/rpi/pkg/api/metrics/user/user.go:14.16,16.3 1 1
github.com/raspibuddy/rpi/pkg/api/metrics/user/user.go:22.56,25.16 2 2
github.com/raspibuddy/rpi/pkg/api/metrics/user/user.go:29.2,29.37 1 1
github.com/raspibuddy/rpi/pkg/api/metrics/user/user.go:25.16,27.3 1 1
github.com/raspibuddy/rpi/pkg/api/metrics/user/platform/sys/user.go:16.63,19.23 2 2
github.com/raspibuddy/rpi/pkg/api/metrics/user/platform/sys/user.go:27.2,27.20 1 2
github.com/raspibuddy/rpi/pkg/api/metrics/user/platform/sys/user.go:19.23,25.3 1 1
github.com/raspibuddy/rpi/pkg/api/metrics/user/platform/sys/user.go:31.78,35.23 3 2
github.com/raspibuddy/rpi/pkg/api/metrics/user/platform/sys/user.go:47.2,47.22 1 2
github.com/raspibuddy/rpi/pkg/api/metrics/user/platform/sys/user.go:51.2,51.20 1 1
github.com/raspibuddy/rpi/pkg/api/metrics/user/platform/sys/user.go:35.23,36.36 1 2
github.com/raspibuddy/rpi/pkg/api/metrics/user/platform/sys/user.go:36.36,43.9 3 1
github.com/raspibuddy/rpi/pkg/api/metrics/user/platform/sys/user.go:47.22,49.3 1 1
github.com/raspibuddy/rpi/pkg/utl/actions/actions.go:31.21,33.2 1 2
github.com/raspibuddy/rpi/pkg/utl/actions/actions.go:36.48,44.16 5 0
github.com/raspibuddy/rpi/pkg/utl/actions/actions.go:56.2,64.3 2 0
github.com/raspibuddy/rpi/pkg/utl/actions/actions.go:44.16,47.3 2 0
github.com/raspibuddy/rpi/pkg/utl/actions/actions.go:47.8,49.15 2 0
github.com/raspibuddy/rpi/pkg/utl/actions/actions.go:49.15,52.4 2 0
github.com/raspibuddy/rpi/pkg/utl/actions/actions.go:68.72,74.14 5 0
github.com/raspibuddy/rpi/pkg/utl/actions/actions.go:80.2,88.3 2 0
github.com/raspibuddy/rpi/pkg/utl/actions/actions.go:74.14,77.3 2 0
github.com/raspibuddy/rpi/pkg/utl/actions/actions.go:92.51,99.14 5 2
github.com/raspibuddy/rpi/pkg/utl/actions/actions.go:105.2,113.3 2 2
github.com/raspibuddy/rpi/pkg/utl/actions/actions.go:99.14,102.3 2 1
github.com/raspibuddy/rpi/pkg/utl/config/config.go:11.48,13.16 2 3
github.com/raspibuddy/rpi/pkg/utl/config/config.go:16.2,17.51 2 2
github.com/raspibuddy/rpi/pkg/utl/config/config.go:20.2,20.17 1 1
github.com/raspibuddy/rpi/pkg/utl/config/config.go:13.16,15.3 1 1
github.com/raspibuddy/rpi/pkg/utl/config/config.go:17.51,19.3 1 1
github.com/raspibuddy/rpi/pkg/api/metrics/vcore/platform/sys/vcore.go:20.84,21.32 1 4
github.com/raspibuddy/rpi/pkg/api/metrics/vcore/platform/sys/vcore.go:25.2,26.26 2 2
github.com/raspibuddy/rpi/pkg/api/metrics/vcore/platform/sys/vcore.go:42.2,42.20 1 1
github.com/raspibuddy/rpi/pkg/api/metrics/vcore/platform/sys/vcore.go:21.32,23.3 1 2
github.com/raspibuddy/rpi/pkg/api/metrics/vcore/platform/sys/vcore.go:26.26,28.17 2 2
github.com/raspibuddy/rpi/pkg/api/metrics/vcore/platform/sys/vcore.go:32.3,39.32 2 1
github.com/raspibuddy/rpi/pkg/api/metrics/vcore/platform/sys/vcore.go:28.17,30.4 1 1
github.com/raspibuddy/rpi/pkg/api/metrics/vcore/platform/sys/vcore.go:47.96,48.38 1 7
github.com/raspibuddy/rpi/pkg/api/metrics/vcore/platform/sys/vcore.go:52.2,52.36 1 5
github.com/raspibuddy/rpi/pkg/api/metrics/vcore/platform/sys/vcore.go:56.2,61.29 5 2
github.com/raspibuddy/rpi/pkg/api/metrics/vcore/platform/sys/vcore.go:73.2,81.20 2 1
github.com/raspibuddy/rpi/pkg/api/metrics/vcore/platform/sys/vcore.go:48.38,50.3 1 2
github.com/raspibuddy/rpi/pkg/api/metrics/vcore/platform/sys/vcore.go:52.36,54.3 1 3
github.com/raspibuddy/rpi/pkg/api/metrics/vcore/platform/sys/vcore.go:61.29,63.17 2 2
github.com/raspibuddy/rpi/pkg/api/metrics/vcore/platform/sys/vcore.go:67.3,67.22 1 1
github.com/raspibuddy/rpi/pkg/api/metrics/vcore/platform/sys/vcore.go:63.17,65.4 1 1
github.com/raspibuddy/rpi/pkg/api/metrics/vcore/platform/sys/vcore.go:67.22,69.9 2 1
github.com/raspibuddy/rpi/pkg/api/metrics/vcore/platform/sys/vcore.go:84.54,88.2 3 8
github.com/raspibuddy/rpi/pkg/api/metrics/vcore/platform/sys/vcore.go:90.44,93.16 3 8
github.com/raspibuddy/rpi/pkg/api/metrics/vcore/platform/sys/vcore.go:96.2,96.17 1 5
github.com/raspibuddy/rpi/pkg/api/metrics/vcore/platform/sys/vcore.go:93.16,95.3 1 3
github.com/raspibuddy/rpi/pkg/utl/server/server.go:17.23,22.2 4 1
github.com/raspibuddy/rpi/pkg/utl/server/server.go:24.40,26.2 1 0
github.com/raspibuddy/rpi/pkg/utl/server/server.go:37.55,43.2 5 0
github.com/raspibuddy/rpi/pkg/utl/server/server.go:46.39,55.12 3 0
github.com/raspibuddy/rpi/pkg/utl/server/server.go:63.2,68.40 6 0
github.com/raspibuddy/rpi/pkg/utl/server/server.go:55.12,56.42 1 0
github.com/raspibuddy/rpi/pkg/utl/server/server.go:56.42,58.4 1 0
github.com/raspibuddy/rpi/pkg/utl/server/server.go:68.40,70.3 1 0
github.com/raspibuddy/rpi/pkg/api/metrics/vcore/service.go:35.39,37.2 1 8
github.com/raspibuddy/rpi/pkg/api/metrics/vcore/vcore.go:11.45,15.32 3 4
github.com/raspibuddy/rpi/pkg/api/metrics/vcore/vcore.go:19.2,19.36 1 1
github.com/raspibuddy/rpi/pkg/api/metrics/vcore/vcore.go:15.32,17.3 1 3
github.com/raspibuddy/rpi/pkg/api/metrics/vcore/vcore.go:23.49,27.32 3 4
github.com/raspibuddy/rpi/pkg/api/metrics/vcore/vcore.go:31.2,31.40 1 1
github.com/raspibuddy/rpi/pkg/api/metrics/vcore/vcore.go:27.32,29.3 1 3
github.com/raspibuddy/rpi/pkg/api/metrics/user/transport/http.go:16.47,21.2 4 5
github.com/raspibuddy/rpi/pkg/api/metrics/user/transport/http.go:23.45,25.16 2 3
github.com/raspibuddy/rpi/pkg/api/metrics/user/transport/http.go:28.2,28.40 1 1
github.com/raspibuddy/rpi/pkg/api/metrics/user/transport/http.go:25.16,27.3 1 1
github.com/raspibuddy/rpi/pkg/api/metrics/user/transport/http.go:31.45,33.16 2 2
github.com/raspibuddy/rpi/pkg/api/metrics/user/transport/http.go:37.2,37.40 1 1
github.com/raspibuddy/rpi/pkg/api/metrics/user/transport/http.go:33.16,35.3 1 1
github.com/raspibuddy/rpi/pkg/api/metrics/vcore/transport/http.go:17.48,22.2 4 6
github.com/raspibuddy/rpi/pkg/api/metrics/vcore/transport/http.go:24.45,26.16 2 3
github.com/raspibuddy/rpi/pkg/api/metrics/vcore/transport/http.go:29.2,29.40 1 1
github.com/raspibuddy/rpi/pkg/api/metrics/vcore/transport/http.go:26.16,28.3 1 1
github.com/raspibuddy/rpi/pkg/api/metrics/vcore/transport/http.go:32.45,34.16 2 3
github.com/raspibuddy/rpi/pkg/api/metrics/vcore/transport/http.go:38.2,39.16 2 2
github.com/raspibuddy/rpi/pkg/api/metrics/vcore/transport/http.go:43.2,43.40 1 1
github.com/raspibuddy/rpi/pkg/api/metrics/vcore/transport/http.go:34.16,36.3 1 1
github.com/raspibuddy/rpi/pkg/api/metrics/vcore/transport/http.go:39.16,41.3 1 1
github.com/raspibuddy/rpi/pkg/utl/metrics/metrics.go:45.30,47.2 1 4
github.com/raspibuddy/rpi/pkg/utl/metrics/metrics.go:78.52,80.16 2 0
github.com/raspibuddy/rpi/pkg/utl/metrics/metrics.go:83.2,83.18 1 0
github.com/raspibuddy/rpi/pkg/utl/metrics/metrics.go:80.16,82.3 1 0
github.com/raspibuddy/rpi/pkg/utl/metrics/metrics.go:87.87,89.16 2 0
github.com/raspibuddy/rpi/pkg/utl/metrics/metrics.go:92.2,92.21 1 0
github.com/raspibuddy/rpi/pkg/utl/metrics/metrics.go:89.16,91.3 1 0
github.com/raspibuddy/rpi/pkg/utl/metrics/metrics.go:96.67,98.16 2 0
github.com/raspibuddy/rpi/pkg/utl/metrics/metrics.go:101.2,101.19 1 0
github.com/raspibuddy/rpi/pkg/utl/metrics/metrics.go:98.16,100.3 1 0
github.com/raspibuddy/rpi/pkg/utl/metrics/metrics.go:105.59,107.16 2 0
github.com/raspibuddy/rpi/pkg/utl/metrics/metrics.go:110.2,110.19 1 0
github.com/raspibuddy/rpi/pkg/utl/metrics/metrics.go:107.16,109.3 1 0
github.com/raspibuddy/rpi/pkg/utl/metrics/metrics.go:114.65,116.16 2 0
github.com/raspibuddy/rpi/pkg/utl/metrics/metrics.go:119.2,119.19 1 0
github.com/raspibuddy/rpi/pkg/utl/metrics/metrics.go:116.16,118.3 1 0
github.com/raspibuddy/rpi/pkg/utl/metrics/metrics.go:123.67,127.16 3 0
github.com/raspibuddy/rpi/pkg/utl/metrics/metrics.go:131.2,131.26 1 0
github.com/raspibuddy/rpi/pkg/utl/metrics/metrics.go:161.2,161.20 1 0
github.com/raspibuddy/rpi/pkg/utl/metrics/metrics.go:127.16,129.3 1 0
github.com/raspibuddy/rpi/pkg/utl/metrics/metrics.go:131.26,133.17 2 0
github.com/raspibuddy/rpi/pkg/utl/metrics/metrics.go:137.3,158.4 1 0
github.com/raspibuddy/rpi/pkg/utl/metrics/metrics.go:133.17,135.4 1 0
github.com/raspibuddy/rpi/pkg/utl/metrics/metrics.go:165.50,167.16 2 0
github.com/raspibuddy/rpi/pkg/utl/metrics/metrics.go:170.2,170.19 1 0
github.com/raspibuddy/rpi/pkg/utl/metrics/metrics.go:167.16,169.3 1 0
github.com/raspibuddy/rpi/pkg/utl/metrics/metrics.go:174.53,176.16 2 0
github.com/raspibuddy/rpi/pkg/utl/metrics/metrics.go:179.2,179.20 1 0
github.com/raspibuddy/rpi/pkg/utl/metrics/metrics.go:176.16,178.3 1 0
github.com/raspibuddy/rpi/pkg/utl/metrics/metrics.go:183.58,199.16 15 4
github.com/raspibuddy/rpi/pkg/utl/metrics/metrics.go:203.2,204.18 2 4
github.com/raspibuddy/rpi/pkg/utl/metrics/metrics.go:220.2,220.13 1 4
github.com/raspibuddy/rpi/pkg/utl/metrics/metrics.go:274.2,274.20 1 1
github.com/raspibuddy/rpi/pkg/utl/metrics/metrics.go:289.2,294.19 5 1
github.com/raspibuddy/rpi/pkg/utl/metrics/metrics.go:199.16,201.3 1 0
github.com/raspibuddy/rpi/pkg/utl/metrics/metrics.go:204.18,206.16 2 3
github.com/raspibuddy/rpi/pkg/utl/metrics/metrics.go:206.16,215.4 8 2
github.com/raspibuddy/rpi/pkg/utl/metrics/metrics.go:216.8,216.24 1 1
github.com/raspibuddy/rpi/pkg/utl/metrics/metrics.go:216.24,217.37 1 0
github.com/raspibuddy/rpi/pkg/utl/metrics/metrics.go:220.13,221.21 1 2
github.com/raspibuddy/rpi/pkg/utl/metrics/metrics.go:269.3,269.46 1 1
github.com/raspibuddy/rpi/pkg/utl/metrics/metrics.go:221.21,222.24 1 497
github.com/raspibuddy/rpi/pkg/utl/metrics/metrics.go:222.24,267.5 26 1
github.com/raspibuddy/rpi/pkg/utl/metrics/metrics.go:270.8,270.21 1 2
github.com/raspibuddy/rpi/pkg/utl/metrics/metrics.go:270.21,272.3 1 1
github.com/raspibuddy/rpi/pkg/utl/metrics/metrics.go:274.20,287.3 5 496
github.com/raspibuddy/rpi/pkg/utl/metrics/metrics.go:298.60,300.2 1 0
github.com/raspibuddy/rpi/pkg/utl/metrics/metrics.go:303.62,305.16 2 0
github.com/raspibuddy/rpi/pkg/utl/metrics/metrics.go:308.2,308.11 1 0
github.com/raspibuddy/rpi/pkg/utl/metrics/metrics.go:305.16,307.3 1 0
github.com/raspibuddy/rpi/pkg/utl/metrics/metrics.go:312.65,314.16 2 0
github.com/raspibuddy/rpi/pkg/utl/metrics/metrics.go:317.2,317.13 1 0
github.com/raspibuddy/rpi/pkg/utl/metrics/metrics.go:314.16,316.3 1 0
github.com/raspibuddy/rpi/pkg/utl/metrics/metrics.go:321.65,323.16 2 0
github.com/raspibuddy/rpi/pkg/utl/metrics/metrics.go:326.2,326.13 1 0
github.com/raspibuddy/rpi/pkg/utl/metrics/metrics.go:323.16,325.3 1 0
github.com/raspibuddy/rpi/pkg/utl/metrics/metrics.go:330.66,332.16 2 0
github.com/raspibuddy/rpi/pkg/utl/metrics/metrics.go:335.2,335.8 1 0
github.com/raspibuddy/rpi/pkg/utl/metrics/metrics.go:332.16,334.3 1 0
github.com/raspibuddy/rpi/pkg/utl/metrics/metrics.go:339.65,341.16 2 0
github.com/raspibuddy/rpi/pkg/utl/metrics/metrics.go:344.2,344.9 1 0
github.com/raspibuddy/rpi/pkg/utl/metrics/metrics.go:341.16,343.3 1 0
github.com/raspibuddy/rpi/pkg/utl/metrics/metrics.go:348.64,350.16 2 0
github.com/raspibuddy/rpi/pkg/utl/metrics/metrics.go:353.2,353.9 1 0
github.com/raspibuddy/rpi/pkg/utl/metrics/metrics.go:350.16,352.3 1 0
github.com/raspibuddy/rpi/pkg/utl/metrics/metrics.go:357.69,359.16 2 0
github.com/raspibuddy/rpi/pkg/utl/metrics/metrics.go:363.2,363.9 1 0
github.com/raspibuddy/rpi/pkg/utl/metrics/metrics.go:359.16,361.3 1 0
github.com/raspibuddy/rpi/pkg/utl/metrics/metrics.go:367.66,369.16 2 0
github.com/raspibuddy/rpi/pkg/utl/metrics/metrics.go:372.2,372.9 1 0
github.com/raspibuddy/rpi/pkg/utl/metrics/metrics.go:369.16,371.3 1 0
github.com/raspibuddy/rpi/pkg/utl/metrics/metrics.go:376.66,378.16 2 0
github.com/raspibuddy/rpi/pkg/utl/metrics/metrics.go:381.2,381.9 1 0
github.com/raspibuddy/rpi/pkg/utl/metrics/metrics.go:378.16,380.3 1 0
github.com/raspibuddy/rpi/pkg/utl/metrics/metrics.go:385.65,387.16 2 0
github.com/raspibuddy/rpi/pkg/utl/metrics/metrics.go:390.2,390.9 1 0
github.com/raspibuddy/rpi/pkg/utl/metrics/metrics.go:387.16,389.3 1 0
github.com/raspibuddy/rpi/pkg/utl/metrics/metrics.go:394.63,399.16 3 0
github.com/raspibuddy/rpi/pkg/utl/metrics/metrics.go:403.2,403.15 1 0
github.com/raspibuddy/rpi/pkg/utl/metrics/metrics.go:409.2,409.11 1 0
github.com/raspibuddy/rpi/pkg/utl/metrics/metrics.go:399.16,401.3 1 0
github.com/raspibuddy/rpi/pkg/utl/metrics/metrics.go:403.15,405.3 1 0
github.com/raspibuddy/rpi/pkg/utl/metrics/metrics.go:405.8,407.3 1 0
github.com/raspibuddy/rpi/pkg/utl/metrics/metrics.go:413.52,415.16 2 0
github.com/raspibuddy/rpi/pkg/utl/metrics/metrics.go:418.2,418.19 1 0
github.com/raspibuddy/rpi/pkg/utl/metrics/metrics.go:415.16,417.3 1 0
github.com/raspibuddy/rpi/pkg/utl/metrics/metrics.go:422.51,424.16 2 0
github.com/raspibuddy/rpi/pkg/utl/metrics/metrics.go:427.2,427.19 1 0
github.com/raspibuddy/rpi/pkg/utl/metrics/metrics.go:424.16,426.3 1 0
github.com/raspibuddy/rpi/pkg/utl/metrics/metrics.go:431.56,437.16 6 0
github.com/raspibuddy/rpi/pkg/utl/metrics/metrics.go:440.2,441.28 2 0
github.com/raspibuddy/rpi/pkg/utl/metrics/metrics.go:437.16,439.3 1 0
github.com/raspibuddy/rpi/pkg/utl/metrics/metrics.go:445.54,451.16 6 0
github.com/raspibuddy/rpi/pkg/utl/metrics/metrics.go:454.2,455.28 2 0
github.com/raspibuddy/rpi/pkg/utl/metrics/metrics.go:451.16,453.3 1 0
github.com/raspibuddy/rpi/pkg/utl/metrics/metrics.go:459.57,461.16 2 0
github.com/raspibuddy/rpi/pkg/utl/metrics/metrics.go:464.2,464.21 1 0
github.com/raspibuddy/rpi/pkg/utl/metrics/metrics.go:461.16,463.3 1 0
github.com/raspibuddy/rpi/pkg/utl/metrics/metrics.go:468.59,470.16 2 0
github.com/raspibuddy/rpi/pkg/utl/metrics/metrics.go:473.2,473.22 1 0
github.com/raspibuddy/rpi/pkg/utl/metrics/metrics.go:470.16,472.3 1 0
github.com/raspibuddy/rpi/pkg/utl/metrics/metrics.go:477.71,486.16 6 0
github.com/raspibuddy/rpi/pkg/utl/metrics/metrics.go:490.2,493.43 3 0
github.com/raspibuddy/rpi/pkg/utl/metrics/metrics.go:505.2,506.28 2 0
github.com/raspibuddy/rpi/pkg/utl/metrics/metrics.go:486.16,488.3 1 0
github.com/raspibuddy/rpi/pkg/utl/metrics/metrics.go:493.43,498.17 4 0
github.com/raspibuddy/rpi/pkg/utl/metrics/metrics.go:502.3,502.30 1 0
github.com/raspibuddy/rpi/pkg/utl/metrics/metrics.go:498.17,500.4 1 0
github.com/raspibuddy/rpi/pkg/api/metrics/process/transport/http.go:20.50,26.2 5 9
github.com/raspibuddy/rpi/pkg/api/metrics/process/transport/http.go:28.45,30.16 2 6
github.com/raspibuddy/rpi/pkg/api/metrics/process/transport/http.go:33.2,33.40 1 2
github.com/raspibuddy/rpi/pkg/api/metrics/process/transport/http.go:30.16,32.3 1 2
github.com/raspibuddy/rpi/pkg/api/metrics/process/transport/http.go:38.47,41.16 2 3
github.com/raspibuddy/rpi/pkg/api/metrics/process/transport/http.go:45.2,47.6 2 3
github.com/raspibuddy/rpi/pkg/api/metrics/process/transport/http.go:65.2,65.12 1 1
github.com/raspibuddy/rpi/pkg/api/metrics/process/transport/http.go:41.16,43.3 1 0
github.com/raspibuddy/rpi/pkg/api/metrics/process/transport/http.go:47.6,50.18 2 3
github.com/raspibuddy/rpi/pkg/api/metrics/process/transport/http.go:55.3,57.17 2 1
github.com/raspibuddy/rpi/pkg/api/metrics/process/transport/http.go:62.3,63.66 2 1
github.com/raspibuddy/rpi/pkg/api/metrics/process/transport/http.go:50.18,52.9 2 1
github.com/raspibuddy/rpi/pkg/api/metrics/process/transport/http.go:57.17,59.9 2 0
github.com/raspibuddy/rpi/pkg/api/metrics/process/transport/http.go:68.45,70.16 2 3
github.com/raspibuddy/rpi/pkg/api/metrics/process/transport/http.go:74.2,75.16 2 2
github.com/raspibuddy/rpi/pkg/api/metrics/process/transport/http.go:79.2,79.40 1 1
github.com/raspibuddy/rpi/pkg/api/metrics/process/transport/http.go:70.16,72.3 1 1
github.com/raspibuddy/rpi/pkg/api/metrics/process/transport/http.go:75.16,77.3 1 1
